Using pre-set license
Built from '2020.3/staging' branch; Version is '2020.3.9f1 (108be757e447) revision 1084391'; Using compiler version '192528614'; Build Type 'Release'
OS: 'Windows 10 Pro; OS build 19041.1165; Version 2004; 64bit' Language: 'en' Physical Memory: 16326 MB
BatchMode: 1, IsHumanControllingUs: 0, StartBugReporterOnCrash: 0, Is64bit: 1, IsPro: 0

 COMMAND LINE ARGUMENTS:
C:\Program Files\Unity\Hub\Editor\2020.3.9f1\Editor\Unity.exe
-adb2
-batchMode
-noUpm
-name
AssetImportWorker0
-projectPath
C:/Users/alex8/Desktop/Dorfer/ProjectTemplate
-logFile
Logs/AssetImportWorker0.log
-srvPort
62713
Successfully changed project path to: C:/Users/alex8/Desktop/Dorfer/ProjectTemplate
C:/Users/alex8/Desktop/Dorfer/ProjectTemplate
Using Asset Import Pipeline V2.
Refreshing native plugins compatible for Editor in 23.87 ms, found 0 plugins.
Preloading 0 native plugins for Editor in 0.00 ms.
Initialize engine version: 2020.3.9f1 (108be757e447)
[Subsystems] Discovering subsystems at path C:/Program Files/Unity/Hub/Editor/2020.3.9f1/Editor/Data/Resources/UnitySubsystems
[Subsystems] Discovering subsystems at path C:/Users/alex8/Desktop/Dorfer/ProjectTemplate/Assets
GfxDevice: creating device client; threaded=0
Direct3D:
    Version:  Direct3D 11.0 [level 11.1]
    Renderer: NVIDIA GeForce GTX 970 (ID=0x13c2)
    Vendor:   
    VRAM:     4043 MB
    Driver:   27.21.14.5671
Initialize mono
Mono path[0] = 'C:/Program Files/Unity/Hub/Editor/2020.3.9f1/Editor/Data/Managed'
Mono path[1] = 'C:/Program Files/Unity/Hub/Editor/2020.3.9f1/Editor/Data/MonoBleedingEdge/lib/mono/unityjit'
Mono config path = 'C:/Program Files/Unity/Hub/Editor/2020.3.9f1/Editor/Data/MonoBleedingEdge/etc'
Using monoOptions --debugger-agent=transport=dt_socket,embedding=1,server=y,suspend=n,address=127.0.0.1:56716
Begin MonoManager ReloadAssembly
Registering precompiled unity dll's ...
Register platform support module: C:/Program Files/Unity/Hub/Editor/2020.3.9f1/Editor/Data/PlaybackEngines/WindowsStandaloneSupport/UnityEditor.WindowsStandalone.Extensions.dll
Registered in 0.001606 seconds.
Native extension for WindowsStandalone target not found
Refreshing native plugins compatible for Editor in 24.76 ms, found 0 plugins.
Preloading 0 native plugins for Editor in 0.00 ms.
Mono: successfully reloaded assembly
- Completed reload, in  1.849 seconds
Platform modules already initialized, skipping
Registering precompiled user dll's ...
Registered in 0.000825 seconds.
Begin MonoManager ReloadAssembly
Native extension for WindowsStandalone target not found
Refreshing native plugins compatible for Editor in 0.32 ms, found 0 plugins.
Preloading 0 native plugins for Editor in 0.00 ms.
Mono: successfully reloaded assembly
- Completed reload, in  0.886 seconds
Platform modules already initialized, skipping
========================================================================
Worker process is ready to serve import requests
Launched and connected shader compiler UnityShaderCompiler.exe after 0.04 seconds
Refreshing native plugins compatible for Editor in 0.27 ms, found 0 plugins.
Preloading 0 native plugins for Editor in 0.00 ms.
Unloading 1292 Unused Serialized files (Serialized files now loaded: 0)
System memory in use before: 72.1 MB.
System memory in use after: 72.1 MB.

Unloading 10 unused Assets to reduce memory usage. Loaded Objects now: 1735.
Total: 2.078800 ms (FindLiveObjects: 0.170500 ms CreateObjectMapping: 0.081200 ms MarkObjects: 1.700500 ms  DeleteObjects: 0.125600 ms)

========================================================================
Received Import Request.
  path: Assets/Source/Resources/Levels/Level1.prefab
  artifactKey: Guid(e5387c1a5c00f6b42aad564af7efb8f0) Importer(815301076,1909f56bfc062723c751e8b465ee728b)
Start importing Assets/Source/Resources/Levels/Level1.prefab using Guid(e5387c1a5c00f6b42aad564af7efb8f0) Importer(815301076,1909f56bfc062723c751e8b465ee728b)  -> (artifact id: '6b8f4102736af898d2b2a2d96c4ac0aa') in 0.062142 seconds
  Import took 0.064481 seconds .

========================================================================
Received Import Request.
  Time since last request: 10.512048 seconds.
  path: Assets/Source/Scripts/Systems/Loading
  artifactKey: Guid(ded37b1d8053a3145bf1333c891baac7) Importer(815301076,1909f56bfc062723c751e8b465ee728b)
Start importing Assets/Source/Scripts/Systems/Loading using Guid(ded37b1d8053a3145bf1333c891baac7) Importer(815301076,1909f56bfc062723c751e8b465ee728b)  -> (artifact id: 'ad2a985b14606d64ed586a66783ea997') in 0.011993 seconds
  Import took 0.014314 seconds .

========================================================================
Received Import Request.
  Time since last request: 4.125951 seconds.
  path: Assets/Source/Scripts/Systems/Game
  artifactKey: Guid(7b86d8f086adad84ba277c92985cddbe) Importer(815301076,1909f56bfc062723c751e8b465ee728b)
Start importing Assets/Source/Scripts/Systems/Game using Guid(7b86d8f086adad84ba277c92985cddbe) Importer(815301076,1909f56bfc062723c751e8b465ee728b)  -> (artifact id: 'da72dd8fb352ae1309ecbd887f71d9f6') in 0.011881 seconds
  Import took 0.014384 seconds .

========================================================================
Received Import Request.
  Time since last request: 58.026019 seconds.
  path: Assets/Source/Scripts/Systems/Game/PlayerInputSystem.cs
  artifactKey: Guid(5acf621537e06d24cae910fb49c653fc) Importer(815301076,1909f56bfc062723c751e8b465ee728b)
Start importing Assets/Source/Scripts/Systems/Game/PlayerInputSystem.cs using Guid(5acf621537e06d24cae910fb49c653fc) Importer(815301076,1909f56bfc062723c751e8b465ee728b)  -> (artifact id: '35c4f366c9329fadcbbb553a1a3c3962') in 0.012020 seconds
  Import took 0.014996 seconds .

========================================================================
Received Import Request.
  Time since last request: 46.526917 seconds.
  path: Assets/Source/Scripts/Systems/Game/PlayerInputSystem.cs
  artifactKey: Guid(5acf621537e06d24cae910fb49c653fc) Importer(815301076,1909f56bfc062723c751e8b465ee728b)
Start importing Assets/Source/Scripts/Systems/Game/PlayerInputSystem.cs using Guid(5acf621537e06d24cae910fb49c653fc) Importer(815301076,1909f56bfc062723c751e8b465ee728b)  -> (artifact id: 'bcd4b1b3cd0e1a9df56aff297b0d8cf6') in 0.011176 seconds
  Import took 0.014371 seconds .

========================================================================
Received Prepare
Registering precompiled user dll's ...
Registered in 0.000634 seconds.
Begin MonoManager ReloadAssembly
Native extension for WindowsStandalone target not found
Refreshing native plugins compatible for Editor in 0.27 ms, found 0 plugins.
Preloading 0 native plugins for Editor in 0.00 ms.
Mono: successfully reloaded assembly
- Completed reload, in  0.964 seconds
Platform modules already initialized, skipping
Switching build target platform(19) subTarget(0) extendedPlatform(0) -> platform(13) subTarget(537395200) extendedPlatform(0)
Refreshing native plugins compatible for Editor in 0.25 ms, found 0 plugins.
Preloading 0 native plugins for Editor in 0.00 ms.
Unloading 1269 Unused Serialized files (Serialized files now loaded: 0)
System memory in use before: 69.1 MB.
System memory in use after: 69.1 MB.

Unloading 5 unused Assets to reduce memory usage. Loaded Objects now: 1740.
Total: 2.157000 ms (FindLiveObjects: 0.157700 ms CreateObjectMapping: 0.071900 ms MarkObjects: 1.839400 ms  DeleteObjects: 0.087100 ms)

AssetImportParameters requested are different than current active one (requested -> active):
  custom:graphics/normal-map-encoding: 01000000000000000000000000000000 -> 02000000000000000000000000000000
========================================================================
Received Prepare
Registering precompiled user dll's ...
Registered in 0.000641 seconds.
Begin MonoManager ReloadAssembly
Native extension for WindowsStandalone target not found
Refreshing native plugins compatible for Editor in 0.26 ms, found 0 plugins.
Preloading 0 native plugins for Editor in 0.00 ms.
Mono: successfully reloaded assembly
- Completed reload, in  0.997 seconds
Platform modules already initialized, skipping
Switching build target platform(19) subTarget(0) extendedPlatform(0) -> platform(13) subTarget(537395200) extendedPlatform(0)
Refreshing native plugins compatible for Editor in 0.25 ms, found 0 plugins.
Preloading 0 native plugins for Editor in 0.00 ms.
Unloading 1269 Unused Serialized files (Serialized files now loaded: 0)
System memory in use before: 69.1 MB.
System memory in use after: 69.2 MB.

Unloading 5 unused Assets to reduce memory usage. Loaded Objects now: 1743.
Total: 1.647000 ms (FindLiveObjects: 0.142200 ms CreateObjectMapping: 0.041400 ms MarkObjects: 1.364800 ms  DeleteObjects: 0.087900 ms)

AssetImportParameters requested are different than current active one (requested -> active):
  custom:graphics/normal-map-encoding: 01000000000000000000000000000000 -> 02000000000000000000000000000000
========================================================================
Received Prepare
Registering precompiled user dll's ...
Registered in 0.000678 seconds.
Begin MonoManager ReloadAssembly
Native extension for WindowsStandalone target not found
Refreshing native plugins compatible for Editor in 0.25 ms, found 0 plugins.
Preloading 0 native plugins for Editor in 0.00 ms.
Mono: successfully reloaded assembly
- Completed reload, in  0.822 seconds
Platform modules already initialized, skipping
Switching build target platform(19) subTarget(0) extendedPlatform(0) -> platform(13) subTarget(537395200) extendedPlatform(0)
Refreshing native plugins compatible for Editor in 0.27 ms, found 0 plugins.
Preloading 0 native plugins for Editor in 0.00 ms.
Unloading 1270 Unused Serialized files (Serialized files now loaded: 0)
System memory in use before: 69.1 MB.
System memory in use after: 69.2 MB.

Unloading 5 unused Assets to reduce memory usage. Loaded Objects now: 1747.
Total: 2.069600 ms (FindLiveObjects: 0.153900 ms CreateObjectMapping: 0.072100 ms MarkObjects: 1.751400 ms  DeleteObjects: 0.091300 ms)

AssetImportParameters requested are different than current active one (requested -> active):
  custom:graphics/normal-map-encoding: 01000000000000000000000000000000 -> 02000000000000000000000000000000
========================================================================
Received Prepare
Registering precompiled user dll's ...
Registered in 0.000628 seconds.
Begin MonoManager ReloadAssembly
Native extension for WindowsStandalone target not found
Refreshing native plugins compatible for Editor in 0.25 ms, found 0 plugins.
Preloading 0 native plugins for Editor in 0.00 ms.
Mono: successfully reloaded assembly
- Completed reload, in  1.117 seconds
Platform modules already initialized, skipping
Switching build target platform(19) subTarget(0) extendedPlatform(0) -> platform(13) subTarget(537395200) extendedPlatform(0)
Refreshing native plugins compatible for Editor in 0.26 ms, found 0 plugins.
Preloading 0 native plugins for Editor in 0.00 ms.
Unloading 1271 Unused Serialized files (Serialized files now loaded: 0)
System memory in use before: 69.1 MB.
System memory in use after: 69.2 MB.

Unloading 5 unused Assets to reduce memory usage. Loaded Objects now: 1751.
Total: 1.763000 ms (FindLiveObjects: 0.152900 ms CreateObjectMapping: 0.070400 ms MarkObjects: 1.468200 ms  DeleteObjects: 0.070100 ms)

AssetImportParameters requested are different than current active one (requested -> active):
  custom:graphics/normal-map-encoding: 01000000000000000000000000000000 -> 02000000000000000000000000000000
========================================================================
Received Import Request.
  Time since last request: 266.901081 seconds.
  path: Assets/Source/Scripts/Components/TriggerListenerComponent.cs
  artifactKey: Guid(35b82a88aa1fb1c43841dcb723493e07) Importer(815301076,1909f56bfc062723c751e8b465ee728b)
Start importing Assets/Source/Scripts/Components/TriggerListenerComponent.cs using Guid(35b82a88aa1fb1c43841dcb723493e07) Importer(815301076,1909f56bfc062723c751e8b465ee728b)  -> (artifact id: 'c1b0f9cb2d0a430e5533c1a0eaa2f46b') in 0.008611 seconds
  Import took 0.010844 seconds .

========================================================================
Received Import Request.
  Time since last request: 5.567775 seconds.
  path: Assets/Source/Scripts/Components/CollisionListenerComponent.cs
  artifactKey: Guid(b28897f61fc007a4cb8820867b7182db) Importer(815301076,1909f56bfc062723c751e8b465ee728b)
Start importing Assets/Source/Scripts/Components/CollisionListenerComponent.cs using Guid(b28897f61fc007a4cb8820867b7182db) Importer(815301076,1909f56bfc062723c751e8b465ee728b)  -> (artifact id: 'f4711e7aae42322101b186de904ada4e') in 0.009609 seconds
  Import took 0.012661 seconds .

========================================================================
Received Import Request.
  Time since last request: 0.001410 seconds.
  path: Assets/Source/Scripts/Components/CollisionListenerComponent.cs
  artifactKey: Guid(b28897f61fc007a4cb8820867b7182db) Importer(815301076,1909f56bfc062723c751e8b465ee728b)
Start importing Assets/Source/Scripts/Components/CollisionListenerComponent.cs using Guid(b28897f61fc007a4cb8820867b7182db) Importer(815301076,1909f56bfc062723c751e8b465ee728b)  -> (artifact id: 'f4711e7aae42322101b186de904ada4e') in 0.003392 seconds
  Import took 0.007176 seconds .

========================================================================
Received Import Request.
  Time since last request: 18.405944 seconds.
  path: Assets/Source/Scripts/Systems/Game/BonusCollisionSystem.cs
  artifactKey: Guid(cfa07a4a10fe2ca4ea2e0a97c2052991) Importer(815301076,1909f56bfc062723c751e8b465ee728b)
Start importing Assets/Source/Scripts/Systems/Game/BonusCollisionSystem.cs using Guid(cfa07a4a10fe2ca4ea2e0a97c2052991) Importer(815301076,1909f56bfc062723c751e8b465ee728b)  -> (artifact id: '8360ca8be075f1a40ce8dc9f412d4027') in 0.006729 seconds
  Import took 0.009112 seconds .

========================================================================
Received Import Request.
  Time since last request: 0.028970 seconds.
  path: Assets/Source/Scripts/Systems/Game/BonusCollisionSystem.cs
  artifactKey: Guid(cfa07a4a10fe2ca4ea2e0a97c2052991) Importer(815301076,1909f56bfc062723c751e8b465ee728b)
Start importing Assets/Source/Scripts/Systems/Game/BonusCollisionSystem.cs using Guid(cfa07a4a10fe2ca4ea2e0a97c2052991) Importer(815301076,1909f56bfc062723c751e8b465ee728b)  -> (artifact id: '8360ca8be075f1a40ce8dc9f412d4027') in 0.003677 seconds
  Import took 0.006413 seconds .

========================================================================
Received Import Request.
  Time since last request: 30.726318 seconds.
  path: Assets/Source/Scripts/Systems/Game/BonusCollisionSystem.cs
  artifactKey: Guid(cfa07a4a10fe2ca4ea2e0a97c2052991) Importer(815301076,1909f56bfc062723c751e8b465ee728b)
Start importing Assets/Source/Scripts/Systems/Game/BonusCollisionSystem.cs using Guid(cfa07a4a10fe2ca4ea2e0a97c2052991) Importer(815301076,1909f56bfc062723c751e8b465ee728b)  -> (artifact id: '46173c596d317cb522850445bc28feaa') in 0.005940 seconds
  Import took 0.008466 seconds .

========================================================================
Received Import Request.
  Time since last request: 0.000305 seconds.
  path: Assets/Source/Scripts/Systems/Game/BonusCollisionSystem.cs
  artifactKey: Guid(cfa07a4a10fe2ca4ea2e0a97c2052991) Importer(815301076,1909f56bfc062723c751e8b465ee728b)
Start importing Assets/Source/Scripts/Systems/Game/BonusCollisionSystem.cs using Guid(cfa07a4a10fe2ca4ea2e0a97c2052991) Importer(815301076,1909f56bfc062723c751e8b465ee728b)  -> (artifact id: '46173c596d317cb522850445bc28feaa') in 0.003325 seconds
  Import took 0.006108 seconds .

========================================================================
Received Prepare
Registering precompiled user dll's ...
Registered in 0.000708 seconds.
Begin MonoManager ReloadAssembly
Native extension for WindowsStandalone target not found
Refreshing native plugins compatible for Editor in 0.28 ms, found 0 plugins.
Preloading 0 native plugins for Editor in 0.00 ms.
Mono: successfully reloaded assembly
- Completed reload, in  1.047 seconds
Platform modules already initialized, skipping
Switching build target platform(19) subTarget(0) extendedPlatform(0) -> platform(13) subTarget(537395200) extendedPlatform(0)
Refreshing native plugins compatible for Editor in 0.26 ms, found 0 plugins.
Preloading 0 native plugins for Editor in 0.00 ms.
Unloading 1272 Unused Serialized files (Serialized files now loaded: 0)
System memory in use before: 69.2 MB.
System memory in use after: 69.3 MB.

Unloading 5 unused Assets to reduce memory usage. Loaded Objects now: 1755.
Total: 2.027900 ms (FindLiveObjects: 0.154900 ms CreateObjectMapping: 0.072300 ms MarkObjects: 1.726300 ms  DeleteObjects: 0.073500 ms)

AssetImportParameters requested are different than current active one (requested -> active):
  custom:graphics/normal-map-encoding: 01000000000000000000000000000000 -> 02000000000000000000000000000000
========================================================================
Received Import Request.
  Time since last request: 6.674021 seconds.
  path: Assets/Source/Scripts/Systems/Game/BonusCollisionSystem.cs
  artifactKey: Guid(cfa07a4a10fe2ca4ea2e0a97c2052991) Importer(815301076,1909f56bfc062723c751e8b465ee728b)
Start importing Assets/Source/Scripts/Systems/Game/BonusCollisionSystem.cs using Guid(cfa07a4a10fe2ca4ea2e0a97c2052991) Importer(815301076,1909f56bfc062723c751e8b465ee728b)  -> (artifact id: '6b4edab3d358c1072fc6df2d3d4c5a5f') in 0.007828 seconds
  Import took 0.010196 seconds .

========================================================================
Received Prepare
Registering precompiled user dll's ...
Registered in 0.000597 seconds.
Begin MonoManager ReloadAssembly
Native extension for WindowsStandalone target not found
Refreshing native plugins compatible for Editor in 0.28 ms, found 0 plugins.
Preloading 0 native plugins for Editor in 0.00 ms.
Mono: successfully reloaded assembly
- Completed reload, in  1.043 seconds
Platform modules already initialized, skipping
Switching build target platform(19) subTarget(0) extendedPlatform(0) -> platform(13) subTarget(537395200) extendedPlatform(0)
Refreshing native plugins compatible for Editor in 0.36 ms, found 0 plugins.
Preloading 0 native plugins for Editor in 0.00 ms.
Unloading 1272 Unused Serialized files (Serialized files now loaded: 0)
System memory in use before: 69.2 MB.
System memory in use after: 69.3 MB.

Unloading 5 unused Assets to reduce memory usage. Loaded Objects now: 1758.
Total: 2.249400 ms (FindLiveObjects: 0.196500 ms CreateObjectMapping: 0.092700 ms MarkObjects: 1.867900 ms  DeleteObjects: 0.091100 ms)

AssetImportParameters requested are different than current active one (requested -> active):
  custom:graphics/normal-map-encoding: 01000000000000000000000000000000 -> 02000000000000000000000000000000
========================================================================
Received Import Request.
  Time since last request: 10.012904 seconds.
  path: Assets/Source/Scripts/Systems/Game/TemplateCollisionSystem.cs
  artifactKey: Guid(cfa07a4a10fe2ca4ea2e0a97c2052991) Importer(815301076,1909f56bfc062723c751e8b465ee728b)
Start importing Assets/Source/Scripts/Systems/Game/TemplateCollisionSystem.cs using Guid(cfa07a4a10fe2ca4ea2e0a97c2052991) Importer(815301076,1909f56bfc062723c751e8b465ee728b)  -> (artifact id: '4066d7eaceae7ff0cbe42a782a55f91c') in 0.011619 seconds
  Import took 0.015377 seconds .

========================================================================
Received Prepare
Registering precompiled user dll's ...
Registered in 0.000576 seconds.
Begin MonoManager ReloadAssembly
Native extension for WindowsStandalone target not found
Refreshing native plugins compatible for Editor in 0.27 ms, found 0 plugins.
Preloading 0 native plugins for Editor in 0.00 ms.
Mono: successfully reloaded assembly
- Completed reload, in  0.827 seconds
Platform modules already initialized, skipping
Switching build target platform(19) subTarget(0) extendedPlatform(0) -> platform(13) subTarget(537395200) extendedPlatform(0)
Refreshing native plugins compatible for Editor in 0.25 ms, found 0 plugins.
Preloading 0 native plugins for Editor in 0.00 ms.
Unloading 1272 Unused Serialized files (Serialized files now loaded: 0)
System memory in use before: 69.2 MB.
System memory in use after: 69.3 MB.

Unloading 5 unused Assets to reduce memory usage. Loaded Objects now: 1761.
Total: 2.266800 ms (FindLiveObjects: 0.205500 ms CreateObjectMapping: 0.079200 ms MarkObjects: 1.889900 ms  DeleteObjects: 0.091100 ms)

AssetImportParameters requested are different than current active one (requested -> active):
  custom:graphics/normal-map-encoding: 01000000000000000000000000000000 -> 02000000000000000000000000000000
========================================================================
Received Import Request.
  Time since last request: 49.779657 seconds.
  path: Assets/Source/Sprites/Group 286.png
  artifactKey: Guid(b01f163657ca0ac43b40ae5463fcf957) Importer(815301076,1909f56bfc062723c751e8b465ee728b)
Start importing Assets/Source/Sprites/Group 286.png using Guid(b01f163657ca0ac43b40ae5463fcf957) Importer(815301076,1909f56bfc062723c751e8b465ee728b)  -> (artifact id: '47e2777e7863bea0fa8247720f656e3c') in 0.205337 seconds
  Import took 0.211623 seconds .

========================================================================
Received Import Request.
  Time since last request: 2.740211 seconds.
  path: Assets/Source/Sprites/Group 296.png
  artifactKey: Guid(3cfd8c0cb74c85841856cc20fc660839) Importer(815301076,1909f56bfc062723c751e8b465ee728b)
Start importing Assets/Source/Sprites/Group 296.png using Guid(3cfd8c0cb74c85841856cc20fc660839) Importer(815301076,1909f56bfc062723c751e8b465ee728b)  -> (artifact id: '15874835660c33f7c2f681bf2c56074e') in 0.024778 seconds
  Import took 0.027873 seconds .

========================================================================
Received Import Request.
  Time since last request: 7.376189 seconds.
  path: Assets/Source/Sprites/Group 286.png
  artifactKey: Guid(b01f163657ca0ac43b40ae5463fcf957) Importer(815301076,1909f56bfc062723c751e8b465ee728b)
Start importing Assets/Source/Sprites/Group 286.png using Guid(b01f163657ca0ac43b40ae5463fcf957) Importer(815301076,1909f56bfc062723c751e8b465ee728b)  -> (artifact id: 'e42e868bf0bc9e0d434d883cc40c6384') in 0.050378 seconds
  Import took 0.053102 seconds .

========================================================================
Received Import Request.
  Time since last request: 0.000178 seconds.
  path: Assets/Source/Sprites/Group 296.png
  artifactKey: Guid(3cfd8c0cb74c85841856cc20fc660839) Importer(815301076,1909f56bfc062723c751e8b465ee728b)
Start importing Assets/Source/Sprites/Group 296.png using Guid(3cfd8c0cb74c85841856cc20fc660839) Importer(815301076,1909f56bfc062723c751e8b465ee728b)  -> (artifact id: '0b6ebdc1a2991571f94be22a5868dda8') in 0.015517 seconds
  Import took 0.017871 seconds .

========================================================================
Received Prepare
Registering precompiled user dll's ...
Registered in 0.000666 seconds.
Begin MonoManager ReloadAssembly
Native extension for WindowsStandalone target not found
Refreshing native plugins compatible for Editor in 0.26 ms, found 0 plugins.
Preloading 0 native plugins for Editor in 0.00 ms.
Mono: successfully reloaded assembly
- Completed reload, in  0.895 seconds
Platform modules already initialized, skipping
Switching build target platform(19) subTarget(0) extendedPlatform(0) -> platform(13) subTarget(537395200) extendedPlatform(0)
Refreshing native plugins compatible for Editor in 0.25 ms, found 0 plugins.
Preloading 0 native plugins for Editor in 0.00 ms.
Unloading 1272 Unused Serialized files (Serialized files now loaded: 0)
System memory in use before: 72.3 MB.
System memory in use after: 72.3 MB.

Unloading 5 unused Assets to reduce memory usage. Loaded Objects now: 1771.
Total: 1.734100 ms (FindLiveObjects: 0.138600 ms CreateObjectMapping: 0.042300 ms MarkObjects: 1.442100 ms  DeleteObjects: 0.110300 ms)

AssetImportParameters requested are different than current active one (requested -> active):
  custom:graphics/normal-map-encoding: 01000000000000000000000000000000 -> 02000000000000000000000000000000
========================================================================
Received Prepare
Registering precompiled user dll's ...
Registered in 0.000653 seconds.
Begin MonoManager ReloadAssembly
Native extension for WindowsStandalone target not found
Refreshing native plugins compatible for Editor in 0.27 ms, found 0 plugins.
Preloading 0 native plugins for Editor in 0.00 ms.
Mono: successfully reloaded assembly
- Completed reload, in  0.983 seconds
Platform modules already initialized, skipping
Switching build target platform(19) subTarget(0) extendedPlatform(0) -> platform(13) subTarget(537395200) extendedPlatform(0)
Refreshing native plugins compatible for Editor in 0.27 ms, found 0 plugins.
Preloading 0 native plugins for Editor in 0.00 ms.
Unloading 1272 Unused Serialized files (Serialized files now loaded: 0)
System memory in use before: 72.3 MB.
System memory in use after: 72.4 MB.

Unloading 5 unused Assets to reduce memory usage. Loaded Objects now: 1774.
Total: 1.998100 ms (FindLiveObjects: 0.204800 ms CreateObjectMapping: 0.075200 ms MarkObjects: 1.658100 ms  DeleteObjects: 0.059000 ms)

AssetImportParameters requested are different than current active one (requested -> active):
  custom:graphics/normal-map-encoding: 01000000000000000000000000000000 -> 02000000000000000000000000000000
========================================================================
Received Import Request.
  Time since last request: 209.897613 seconds.
  path: Assets/Bounce.anim
  artifactKey: Guid(2671b7c8a0b105e488b292f31f8ad80c) Importer(815301076,1909f56bfc062723c751e8b465ee728b)
Start importing Assets/Bounce.anim using Guid(2671b7c8a0b105e488b292f31f8ad80c) Importer(815301076,1909f56bfc062723c751e8b465ee728b)  -> (artifact id: 'fc04cfe8468bff89a591be96dda54321') in 0.019574 seconds
  Import took 0.022821 seconds .

========================================================================
Received Import Request.
  Time since last request: 146.608396 seconds.
  path: Assets/Source/Scenes/SampleScene.unity
  artifactKey: Guid(9fc0d4010bbf28b4594072e72b8655ab) Importer(815301076,1909f56bfc062723c751e8b465ee728b)
Start importing Assets/Source/Scenes/SampleScene.unity using Guid(9fc0d4010bbf28b4594072e72b8655ab) Importer(815301076,1909f56bfc062723c751e8b465ee728b)  -> (artifact id: '4f9f7c8296fb3e4dcf61597e002c7ef2') in 0.010880 seconds
  Import took 0.014394 seconds .

========================================================================
Received Import Request.
  Time since last request: 5.729146 seconds.
  path: Assets/Source/Scenes/Level.unity
  artifactKey: Guid(9fc0d4010bbf28b4594072e72b8655ab) Importer(815301076,1909f56bfc062723c751e8b465ee728b)
Start importing Assets/Source/Scenes/Level.unity using Guid(9fc0d4010bbf28b4594072e72b8655ab) Importer(815301076,1909f56bfc062723c751e8b465ee728b)  -> (artifact id: '8424c6f2ffc361f69558d7ccaa54faee') in 0.007169 seconds
  Import took 0.009619 seconds .

AssetImportWorkerClient::OnTransportError - code=2 error=End of file
